<?xml version="1.0" encoding="UTF-8"?>
<testsuite xmlns:xsi="http://www.w3.org/2001/XMLSchema-instance" xsi:noNamespaceSchemaLocation="https://maven.apache.org/surefire/maven-surefire-plugin/xsd/surefire-test-report.xsd" name="GiaoDich_app.DisplayGiaoDichUseCaseTest" time="0.056" tests="1" errors="1" skipped="0" failures="0">
  <properties>
[...]
</properties>
  <testcase name="testExecute_shouldHandleException" classname="GiaoDich_app.DisplayGiaoDichUseCaseTest" time="0.005">
    <error message="Cannot invoke &quot;GiaoDich_app.usecase.DisplayGiaoDichDatabaseBoundary.getAllGiaoDich()&quot; because &quot;this.databaseBoundary&quot; is null" type="java.lang.NullPointerException">java.lang.NullPointerException: Cannot invoke "GiaoDich_app.usecase.DisplayGiaoDichDatabaseBoundary.getAllGiaoDich()" because "this.databaseBoundary" is null
	at GiaoDich_app.DisplayGiaoDichUseCaseTest.testExecute_shouldHandleException(DisplayGiaoDichUseCaseTest.java:76)
</error>
  </testcase>
</testsuite>